[2025-03-02 17:17:08] local.ERROR: foreach() argument must be of type array|object, null given (View: /Users/suraj/Downloads/web/appointment-system/resources/views/emails/guest_invitation.blade.php) {"exception":"[object] (Illuminate\\View\\ViewException(code: 0): foreach() argument must be of type array|object, null given (View: /Users/suraj/Downloads/web/appointment-system/resources/views/emails/guest_invitation.blade.php) at /Users/suraj/Downloads/web/appointment-system/storage/framework/views/845b645a4a495500a753b8156e1255ff.php:12)
[stacktrace]
#0 /Users/suraj/Downloads/web/appointment-system/vendor/laravel/framework/src/Illuminate/View/Engines/PhpEngine.php(60): Illuminate\\View\\Engines\\CompilerEngine->handleViewException(Object(ErrorException), 0)
#1 /Users/suraj/Downloads/web/appointment-system/vendor/laravel/framework/src/Illuminate/View/Engines/CompilerEngine.php(75): Illuminate\\View\\Engines\\PhpEngine->evaluatePath('/Users/suraj/Do...', Array)
#2 /Users/suraj/Downloads/web/appointment-system/vendor/laravel/framework/src/Illuminate/View/View.php(209): Illuminate\\View\\Engines\\CompilerEngine->get('/Users/suraj/Do...', Array)
#3 /Users/suraj/Downloads/web/appointment-system/vendor/laravel/framework/src/Illuminate/View/View.php(192): Illuminate\\View\\View->getContents()
#4 /Users/suraj/Downloads/web/appointment-system/vendor/laravel/framework/src/Illuminate/View/View.php(161): Illuminate\\View\\View->renderContents()
#5 /Users/suraj/Downloads/web/appointment-system/vendor/laravel/framework/src/Illuminate/Mail/Mailer.php(445): Illuminate\\View\\View->render()
#6 /Users/suraj/Downloads/web/appointment-system/vendor/laravel/framework/src/Illuminate/Mail/Mailer.php(420): Illuminate\\Mail\\Mailer->renderView('emails.guest_in...', Array)
#7 /Users/suraj/Downloads/web/appointment-system/vendor/laravel/framework/src/Illuminate/Mail/Mailer.php(313): Illuminate\\Mail\\Mailer->addContent(Object(Illuminate\\Mail\\Message), 'emails.guest_in...', NULL, NULL, Array)
#8 /Users/suraj/Downloads/web/appointment-system/vendor/laravel/framework/src/Illuminate/Mail/Mailable.php(206): Illuminate\\Mail\\Mailer->send('emails.guest_in...', Array, Object(Closure))
#9 /Users/suraj/Downloads/web/appointment-system/vendor/laravel/framework/src/Illuminate/Support/Traits/Localizable.php(19): Illuminate\\Mail\\Mailable->{closure:Illuminate\\Mail\\Mailable::send():199}()
#10 /Users/suraj/Downloads/web/appointment-system/vendor/laravel/framework/src/Illuminate/Mail/Mailable.php(199): Illuminate\\Mail\\Mailable->withLocale(NULL, Object(Closure))
#11 /Users/suraj/Downloads/web/appointment-system/vendor/laravel/framework/src/Illuminate/Mail/SendQueuedMailable.php(83): Illuminate\\Mail\\Mailable->send(Object(Illuminate\\Mail\\MailManager))
#12 /Users/suraj/Downloads/web/appointment-system/vendor/laravel/framework/src/Illuminate/Container/BoundMethod.php(36): Illuminate\\Mail\\SendQueuedMailable->handle(Object(Illuminate\\Mail\\MailManager))
#13 /Users/suraj/Downloads/web/appointment-system/vendor/laravel/framework/src/Illuminate/Container/Util.php(43): Illuminate\\Container\\BoundMethod::{closure:Illuminate\\Container\\BoundMethod::call():35}()
#14 /Users/suraj/Downloads/web/appointment-system/vendor/laravel/framework/src/Illuminate/Container/BoundMethod.php(95): Illuminate\\Container\\Util::unwrapIfClosure(Object(Closure))
#15 /Users/suraj/Downloads/web/appointment-system/vendor/laravel/framework/src/Illuminate/Container/BoundMethod.php(35): Illuminate\\Container\\BoundMethod::callBoundMethod(Object(Illuminate\\Foundation\\Application), Array, Object(Closure))
#16 /Users/suraj/Downloads/web/appointment-system/vendor/laravel/framework/src/Illuminate/Container/Container.php(696): Illuminate\\Container\\BoundMethod::call(Object(Illuminate\\Foundation\\Application), Array, Array, NULL)
#17 /Users/suraj/Downloads/web/appointment-system/vendor/laravel/framework/src/Illuminate/Bus/Dispatcher.php(126): Illuminate\\Container\\Container->call(Array)
#18 /Users/suraj/Downloads/web/appointment-system/vendor/laravel/framework/src/Illuminate/Pipeline/Pipeline.php(170): Illuminate\\Bus\\Dispatcher->{closure:Illuminate\\Bus\\Dispatcher::dispatchNow():123}(Object(Illuminate\\Mail\\SendQueuedMailable))
#19 /Users/suraj/Downloads/web/appointment-system/vendor/laravel/framework/src/Illuminate/Pipeline/Pipeline.php(127): Illuminate\\Pipeline\\Pipeline->{closure:Illuminate\\Pipeline\\Pipeline::prepareDestination():168}(Object(Illuminate\\Mail\\SendQueuedMailable))
#20 /Users/suraj/Downloads/web/appointment-system/vendor/laravel/framework/src/Illuminate/Bus/Dispatcher.php(130): Illuminate\\Pipeline\\Pipeline->then(Object(Closure))
#21 /Users/suraj/Downloads/web/appointment-system/vendor/laravel/framework/src/Illuminate/Queue/CallQueuedHandler.php(126): Illuminate\\Bus\\Dispatcher->dispatchNow(Object(Illuminate\\Mail\\SendQueuedMailable), false)
#22 /Users/suraj/Downloads/web/appointment-system/vendor/laravel/framework/src/Illuminate/Pipeline/Pipeline.php(170): Illuminate\\Queue\\CallQueuedHandler->{closure:Illuminate\\Queue\\CallQueuedHandler::dispatchThroughMiddleware():121}(Object(Illuminate\\Mail\\SendQueuedMailable))
#23 /Users/suraj/Downloads/web/appointment-system/vendor/laravel/framework/src/Illuminate/Pipeline/Pipeline.php(127): Illuminate\\Pipeline\\Pipeline->{closure:Illuminate\\Pipeline\\Pipeline::prepareDestination():168}(Object(Illuminate\\Mail\\SendQueuedMailable))
#24 /Users/suraj/Downloads/web/appointment-system/vendor/laravel/framework/src/Illuminate/Queue/CallQueuedHandler.php(121): Illuminate\\Pipeline\\Pipeline->then(Object(Closure))
#25 /Users/suraj/Downloads/web/appointment-system/vendor/laravel/framework/src/Illuminate/Queue/CallQueuedHandler.php(69): Illuminate\\Queue\\CallQueuedHandler->dispatchThroughMiddleware(Object(Illuminate\\Queue\\Jobs\\DatabaseJob), Object(Illuminate\\Mail\\SendQueuedMailable))
#26 /Users/suraj/Downloads/web/appointment-system/vendor/laravel/framework/src/Illuminate/Queue/Jobs/Job.php(102): Illuminate\\Queue\\CallQueuedHandler->call(Object(Illuminate\\Queue\\Jobs\\DatabaseJob), Array)
#27 /Users/suraj/Downloads/web/appointment-system/vendor/laravel/framework/src/Illuminate/Queue/Worker.php(442): Illuminate\\Queue\\Jobs\\Job->fire()
#28 /Users/suraj/Downloads/web/appointment-system/vendor/laravel/framework/src/Illuminate/Queue/Worker.php(392): Illuminate\\Queue\\Worker->process('database', Object(Illuminate\\Queue\\Jobs\\DatabaseJob), Object(Illuminate\\Queue\\WorkerOptions))
#29 /Users/suraj/Downloads/web/appointment-system/vendor/laravel/framework/src/Illuminate/Queue/Worker.php(178): Illuminate\\Queue\\Worker->runJob(Object(Illuminate\\Queue\\Jobs\\DatabaseJob), 'database', Object(Illuminate\\Queue\\WorkerOptions))
#30 /Users/suraj/Downloads/web/appointment-system/vendor/laravel/framework/src/Illuminate/Queue/Console/WorkCommand.php(149): Illuminate\\Queue\\Worker->daemon('database', 'high,default', Object(Illuminate\\Queue\\WorkerOptions))
#31 /Users/suraj/Downloads/web/appointment-system/vendor/laravel/framework/src/Illuminate/Queue/Console/WorkCommand.php(132): Illuminate\\Queue\\Console\\WorkCommand->runWorker('database', 'high,default')
#32 /Users/suraj/Downloads/web/appointment-system/vendor/laravel/framework/src/Illuminate/Container/BoundMethod.php(36): Illuminate\\Queue\\Console\\WorkCommand->handle()
#33 /Users/suraj/Downloads/web/appointment-system/vendor/laravel/framework/src/Illuminate/Container/Util.php(43): Illuminate\\Container\\BoundMethod::{closure:Illuminate\\Container\\BoundMethod::call():35}()
#34 /Users/suraj/Downloads/web/appointment-system/vendor/laravel/framework/src/Illuminate/Container/BoundMethod.php(95): Illuminate\\Container\\Util::unwrapIfClosure(Object(Closure))
#35 /Users/suraj/Downloads/web/appointment-system/vendor/laravel/framework/src/Illuminate/Container/BoundMethod.php(35): Illuminate\\Container\\BoundMethod::callBoundMethod(Object(Illuminate\\Foundation\\Application), Array, Object(Closure))
#36 /Users/suraj/Downloads/web/appointment-system/vendor/laravel/framework/src/Illuminate/Container/Container.php(696): Illuminate\\Container\\BoundMethod::call(Object(Illuminate\\Foundation\\Application), Array, Array, NULL)
#37 /Users/suraj/Downloads/web/appointment-system/vendor/laravel/framework/src/Illuminate/Console/Command.php(213): Illuminate\\Container\\Container->call(Array)
#38 /Users/suraj/Downloads/web/appointment-system/vendor/symfony/console/Command/Command.php(279): Illuminate\\Console\\Command->execute(Object(Symfony\\Component\\Console\\Input\\ArgvInput), Object(Illuminate\\Console\\OutputStyle))
#39 /Users/suraj/Downloads/web/appointment-system/vendor/laravel/framework/src/Illuminate/Console/Command.php(182): Symfony\\Component\\Console\\Command\\Command->run(Object(Symfony\\Component\\Console\\Input\\ArgvInput), Object(Illuminate\\Console\\OutputStyle))
#40 /Users/suraj/Downloads/web/appointment-system/vendor/symfony/console/Application.php(1094): Illuminate\\Console\\Command->run(Object(Symfony\\Component\\Console\\Input\\ArgvInput), Object(Symfony\\Component\\Console\\Output\\ConsoleOutput))
#41 /Users/suraj/Downloads/web/appointment-system/vendor/symfony/console/Application.php(342): Symfony\\Component\\Console\\Application->doRunCommand(Object(Illuminate\\Queue\\Console\\WorkCommand), Object(Symfony\\Component\\Console\\Input\\ArgvInput), Object(Symfony\\Component\\Console\\Output\\ConsoleOutput))
#42 /Users/suraj/Downloads/web/appointment-system/vendor/symfony/console/Application.php(193): Symfony\\Component\\Console\\Application->doRun(Object(Symfony\\Component\\Console\\Input\\ArgvInput), Object(Symfony\\Component\\Console\\Output\\ConsoleOutput))
#43 /Users/suraj/Downloads/web/appointment-system/vendor/laravel/framework/src/Illuminate/Foundation/Console/Kernel.php(198): Symfony\\Component\\Console\\Application->run(Object(Symfony\\Component\\Console\\Input\\ArgvInput), Object(Symfony\\Component\\Console\\Output\\ConsoleOutput))
#44 /Users/suraj/Downloads/web/appointment-system/vendor/laravel/framework/src/Illuminate/Foundation/Application.php(1235): Illuminate\\Foundation\\Console\\Kernel->handle(Object(Symfony\\Component\\Console\\Input\\ArgvInput), Object(Symfony\\Component\\Console\\Output\\ConsoleOutput))
#45 /Users/suraj/Downloads/web/appointment-system/artisan(13): Illuminate\\Foundation\\Application->handleCommand(Object(Symfony\\Component\\Console\\Input\\ArgvInput))
#46 {main}

[previous exception] [object] (ErrorException(code: 0): foreach() argument must be of type array|object, null given at /Users/suraj/Downloads/web/appointment-system/storage/framework/views/845b645a4a495500a753b8156e1255ff.php:12)
[stacktrace]
#0 /Users/suraj/Downloads/web/appointment-system/vendor/laravel/framework/src/Illuminate/Foundation/Bootstrap/HandleExceptions.php(256): Illuminate\\Foundation\\Bootstrap\\HandleExceptions->handleError(2, 'foreach() argum...', '/Users/suraj/Do...', 12)
#1 /Users/suraj/Downloads/web/appointment-system/storage/framework/views/845b645a4a495500a753b8156e1255ff.php(12): Illuminate\\Foundation\\Bootstrap\\HandleExceptions->{closure:Illuminate\\Foundation\\Bootstrap\\HandleExceptions::forwardsTo():255}(2, 'foreach() argum...', '/Users/suraj/Do...', 12)
#2 /Users/suraj/Downloads/web/appointment-system/vendor/laravel/framework/src/Illuminate/Filesystem/Filesystem.php(123): require('/Users/suraj/Do...')
#3 /Users/suraj/Downloads/web/appointment-system/vendor/laravel/framework/src/Illuminate/Filesystem/Filesystem.php(124): Illuminate\\Filesystem\\Filesystem::{closure:Illuminate\\Filesystem\\Filesystem::getRequire():120}()
#4 /Users/suraj/Downloads/web/appointment-system/vendor/laravel/framework/src/Illuminate/View/Engines/PhpEngine.php(58): Illuminate\\Filesystem\\Filesystem->getRequire('/Users/suraj/Do...', Array)
#5 /Users/suraj/Downloads/web/appointment-system/vendor/laravel/framework/src/Illuminate/View/Engines/CompilerEngine.php(75): Illuminate\\View\\Engines\\PhpEngine->evaluatePath('/Users/suraj/Do...', Array)
#6 /Users/suraj/Downloads/web/appointment-system/vendor/laravel/framework/src/Illuminate/View/View.php(209): Illuminate\\View\\Engines\\CompilerEngine->get('/Users/suraj/Do...', Array)
#7 /Users/suraj/Downloads/web/appointment-system/vendor/laravel/framework/src/Illuminate/View/View.php(192): Illuminate\\View\\View->getContents()
#8 /Users/suraj/Downloads/web/appointment-system/vendor/laravel/framework/src/Illuminate/View/View.php(161): Illuminate\\View\\View->renderContents()
#9 /Users/suraj/Downloads/web/appointment-system/vendor/laravel/framework/src/Illuminate/Mail/Mailer.php(445): Illuminate\\View\\View->render()
#10 /Users/suraj/Downloads/web/appointment-system/vendor/laravel/framework/src/Illuminate/Mail/Mailer.php(420): Illuminate\\Mail\\Mailer->renderView('emails.guest_in...', Array)
#11 /Users/suraj/Downloads/web/appointment-system/vendor/laravel/framework/src/Illuminate/Mail/Mailer.php(313): Illuminate\\Mail\\Mailer->addContent(Object(Illuminate\\Mail\\Message), 'emails.guest_in...', NULL, NULL, Array)
#12 /Users/suraj/Downloads/web/appointment-system/vendor/laravel/framework/src/Illuminate/Mail/Mailable.php(206): Illuminate\\Mail\\Mailer->send('emails.guest_in...', Array, Object(Closure))
#13 /Users/suraj/Downloads/web/appointment-system/vendor/laravel/framework/src/Illuminate/Support/Traits/Localizable.php(19): Illuminate\\Mail\\Mailable->{closure:Illuminate\\Mail\\Mailable::send():199}()
#14 /Users/suraj/Downloads/web/appointment-system/vendor/laravel/framework/src/Illuminate/Mail/Mailable.php(199): Illuminate\\Mail\\Mailable->withLocale(NULL, Object(Closure))
#15 /Users/suraj/Downloads/web/appointment-system/vendor/laravel/framework/src/Illuminate/Mail/SendQueuedMailable.php(83): Illuminate\\Mail\\Mailable->send(Object(Illuminate\\Mail\\MailManager))
#16 /Users/suraj/Downloads/web/appointment-system/vendor/laravel/framework/src/Illuminate/Container/BoundMethod.php(36): Illuminate\\Mail\\SendQueuedMailable->handle(Object(Illuminate\\Mail\\MailManager))
#17 /Users/suraj/Downloads/web/appointment-system/vendor/laravel/framework/src/Illuminate/Container/Util.php(43): Illuminate\\Container\\BoundMethod::{closure:Illuminate\\Container\\BoundMethod::call():35}()
#18 /Users/suraj/Downloads/web/appointment-system/vendor/laravel/framework/src/Illuminate/Container/BoundMethod.php(95): Illuminate\\Container\\Util::unwrapIfClosure(Object(Closure))
#19 /Users/suraj/Downloads/web/appointment-system/vendor/laravel/framework/src/Illuminate/Container/BoundMethod.php(35): Illuminate\\Container\\BoundMethod::callBoundMethod(Object(Illuminate\\Foundation\\Application), Array, Object(Closure))
#20 /Users/suraj/Downloads/web/appointment-system/vendor/laravel/framework/src/Illuminate/Container/Container.php(696): Illuminate\\Container\\BoundMethod::call(Object(Illuminate\\Foundation\\Application), Array, Array, NULL)
#21 /Users/suraj/Downloads/web/appointment-system/vendor/laravel/framework/src/Illuminate/Bus/Dispatcher.php(126): Illuminate\\Container\\Container->call(Array)
#22 /Users/suraj/Downloads/web/appointment-system/vendor/laravel/framework/src/Illuminate/Pipeline/Pipeline.php(170): Illuminate\\Bus\\Dispatcher->{closure:Illuminate\\Bus\\Dispatcher::dispatchNow():123}(Object(Illuminate\\Mail\\SendQueuedMailable))
#23 /Users/suraj/Downloads/web/appointment-system/vendor/laravel/framework/src/Illuminate/Pipeline/Pipeline.php(127): Illuminate\\Pipeline\\Pipeline->{closure:Illuminate\\Pipeline\\Pipeline::prepareDestination():168}(Object(Illuminate\\Mail\\SendQueuedMailable))
#24 /Users/suraj/Downloads/web/appointment-system/vendor/laravel/framework/src/Illuminate/Bus/Dispatcher.php(130): Illuminate\\Pipeline\\Pipeline->then(Object(Closure))
#25 /Users/suraj/Downloads/web/appointment-system/vendor/laravel/framework/src/Illuminate/Queue/CallQueuedHandler.php(126): Illuminate\\Bus\\Dispatcher->dispatchNow(Object(Illuminate\\Mail\\SendQueuedMailable), false)
#26 /Users/suraj/Downloads/web/appointment-system/vendor/laravel/framework/src/Illuminate/Pipeline/Pipeline.php(170): Illuminate\\Queue\\CallQueuedHandler->{closure:Illuminate\\Queue\\CallQueuedHandler::dispatchThroughMiddleware():121}(Object(Illuminate\\Mail\\SendQueuedMailable))
#27 /Users/suraj/Downloads/web/appointment-system/vendor/laravel/framework/src/Illuminate/Pipeline/Pipeline.php(127): Illuminate\\Pipeline\\Pipeline->{closure:Illuminate\\Pipeline\\Pipeline::prepareDestination():168}(Object(Illuminate\\Mail\\SendQueuedMailable))
#28 /Users/suraj/Downloads/web/appointment-system/vendor/laravel/framework/src/Illuminate/Queue/CallQueuedHandler.php(121): Illuminate\\Pipeline\\Pipeline->then(Object(Closure))
#29 /Users/suraj/Downloads/web/appointment-system/vendor/laravel/framework/src/Illuminate/Queue/CallQueuedHandler.php(69): Illuminate\\Queue\\CallQueuedHandler->dispatchThroughMiddleware(Object(Illuminate\\Queue\\Jobs\\DatabaseJob), Object(Illuminate\\Mail\\SendQueuedMailable))
#30 /Users/suraj/Downloads/web/appointment-system/vendor/laravel/framework/src/Illuminate/Queue/Jobs/Job.php(102): Illuminate\\Queue\\CallQueuedHandler->call(Object(Illuminate\\Queue\\Jobs\\DatabaseJob), Array)
#31 /Users/suraj/Downloads/web/appointment-system/vendor/laravel/framework/src/Illuminate/Queue/Worker.php(442): Illuminate\\Queue\\Jobs\\Job->fire()
#32 /Users/suraj/Downloads/web/appointment-system/vendor/laravel/framework/src/Illuminate/Queue/Worker.php(392): Illuminate\\Queue\\Worker->process('database', Object(Illuminate\\Queue\\Jobs\\DatabaseJob), Object(Illuminate\\Queue\\WorkerOptions))
#33 /Users/suraj/Downloads/web/appointment-system/vendor/laravel/framework/src/Illuminate/Queue/Worker.php(178): Illuminate\\Queue\\Worker->runJob(Object(Illuminate\\Queue\\Jobs\\DatabaseJob), 'database', Object(Illuminate\\Queue\\WorkerOptions))
#34 /Users/suraj/Downloads/web/appointment-system/vendor/laravel/framework/src/Illuminate/Queue/Console/WorkCommand.php(149): Illuminate\\Queue\\Worker->daemon('database', 'high,default', Object(Illuminate\\Queue\\WorkerOptions))
#35 /Users/suraj/Downloads/web/appointment-system/vendor/laravel/framework/src/Illuminate/Queue/Console/WorkCommand.php(132): Illuminate\\Queue\\Console\\WorkCommand->runWorker('database', 'high,default')
#36 /Users/suraj/Downloads/web/appointment-system/vendor/laravel/framework/src/Illuminate/Container/BoundMethod.php(36): Illuminate\\Queue\\Console\\WorkCommand->handle()
#37 /Users/suraj/Downloads/web/appointment-system/vendor/laravel/framework/src/Illuminate/Container/Util.php(43): Illuminate\\Container\\BoundMethod::{closure:Illuminate\\Container\\BoundMethod::call():35}()
#38 /Users/suraj/Downloads/web/appointment-system/vendor/laravel/framework/src/Illuminate/Container/BoundMethod.php(95): Illuminate\\Container\\Util::unwrapIfClosure(Object(Closure))
#39 /Users/suraj/Downloads/web/appointment-system/vendor/laravel/framework/src/Illuminate/Container/BoundMethod.php(35): Illuminate\\Container\\BoundMethod::callBoundMethod(Object(Illuminate\\Foundation\\Application), Array, Object(Closure))
#40 /Users/suraj/Downloads/web/appointment-system/vendor/laravel/framework/src/Illuminate/Container/Container.php(696): Illuminate\\Container\\BoundMethod::call(Object(Illuminate\\Foundation\\Application), Array, Array, NULL)
#41 /Users/suraj/Downloads/web/appointment-system/vendor/laravel/framework/src/Illuminate/Console/Command.php(213): Illuminate\\Container\\Container->call(Array)
#42 /Users/suraj/Downloads/web/appointment-system/vendor/symfony/console/Command/Command.php(279): Illuminate\\Console\\Command->execute(Object(Symfony\\Component\\Console\\Input\\ArgvInput), Object(Illuminate\\Console\\OutputStyle))
#43 /Users/suraj/Downloads/web/appointment-system/vendor/laravel/framework/src/Illuminate/Console/Command.php(182): Symfony\\Component\\Console\\Command\\Command->run(Object(Symfony\\Component\\Console\\Input\\ArgvInput), Object(Illuminate\\Console\\OutputStyle))
#44 /Users/suraj/Downloads/web/appointment-system/vendor/symfony/console/Application.php(1094): Illuminate\\Console\\Command->run(Object(Symfony\\Component\\Console\\Input\\ArgvInput), Object(Symfony\\Component\\Console\\Output\\ConsoleOutput))
#45 /Users/suraj/Downloads/web/appointment-system/vendor/symfony/console/Application.php(342): Symfony\\Component\\Console\\Application->doRunCommand(Object(Illuminate\\Queue\\Console\\WorkCommand), Object(Symfony\\Component\\Console\\Input\\ArgvInput), Object(Symfony\\Component\\Console\\Output\\ConsoleOutput))
#46 /Users/suraj/Downloads/web/appointment-system/vendor/symfony/console/Application.php(193): Symfony\\Component\\Console\\Application->doRun(Object(Symfony\\Component\\Console\\Input\\ArgvInput), Object(Symfony\\Component\\Console\\Output\\ConsoleOutput))
#47 /Users/suraj/Downloads/web/appointment-system/vendor/laravel/framework/src/Illuminate/Foundation/Console/Kernel.php(198): Symfony\\Component\\Console\\Application->run(Object(Symfony\\Component\\Console\\Input\\ArgvInput), Object(Symfony\\Component\\Console\\Output\\ConsoleOutput))
#48 /Users/suraj/Downloads/web/appointment-system/vendor/laravel/framework/src/Illuminate/Foundation/Application.php(1235): Illuminate\\Foundation\\Console\\Kernel->handle(Object(Symfony\\Component\\Console\\Input\\ArgvInput), Object(Symfony\\Component\\Console\\Output\\ConsoleOutput))
#49 /Users/suraj/Downloads/web/appointment-system/artisan(13): Illuminate\\Foundation\\Application->handleCommand(Object(Symfony\\Component\\Console\\Input\\ArgvInput))
#50 {main}
"} 
